<?xml version="1.0" encoding="UTF-8"?>
<testng-results skipped="0" failed="0" ignored="0" total="3" passed="3">
  <reporter-output>
  </reporter-output>
  <suite name="mysuite" duration-ms="24" started-at="2019-11-05T07:37:49Z" finished-at="2019-11-05T07:37:49Z">
    <groups>
      <group name="{a1,a2}">
        <method signature="TestNg.name2()[pri:0, instance:com.orimeton.TestNg@7d417077]" name="name2" class="com.orimeton.TestNg"/>
      </group> <!-- {a1,a2} -->
    </groups>
    <test name="suibianbu" duration-ms="24" started-at="2019-11-05T07:37:49Z" finished-at="2019-11-05T07:37:49Z">
      <class name="com.orimeton.TestNg">
        <test-method status="PASS" signature="name3()[pri:0, instance:com.orimeton.TestNg@7d417077]" name="name3" is-config="true" duration-ms="8" started-at="2019-11-05T15:37:49Z" finished-at="2019-11-05T15:37:49Z">
          <reporter-output>
          </reporter-output>
        </test-method> <!-- name3 -->
        <test-method status="PASS" signature="name()[pri:0, instance:com.orimeton.TestNg@7d417077]" name="name" duration-ms="1" started-at="2019-11-05T15:37:49Z" finished-at="2019-11-05T15:37:49Z">
          <reporter-output>
          </reporter-output>
        </test-method> <!-- name -->
        <test-method status="PASS" signature="name3()[pri:0, instance:com.orimeton.TestNg@7d417077]" name="name3" is-config="true" duration-ms="1" started-at="2019-11-05T15:37:49Z" finished-at="2019-11-05T15:37:49Z">
          <reporter-output>
          </reporter-output>
        </test-method> <!-- name3 -->
        <test-method status="PASS" signature="name2()[pri:0, instance:com.orimeton.TestNg@7d417077]" name="name2" duration-ms="0" started-at="2019-11-05T15:37:49Z" finished-at="2019-11-05T15:37:49Z">
          <reporter-output>
          </reporter-output>
        </test-method> <!-- name2 -->
        <test-method status="PASS" signature="name3()[pri:0, instance:com.orimeton.TestNg@7d417077]" name="name3" is-config="true" duration-ms="1" started-at="2019-11-05T15:37:49Z" finished-at="2019-11-05T15:37:49Z">
          <reporter-output>
          </reporter-output>
        </test-method> <!-- name3 -->
        <test-method status="PASS" signature="name4()[pri:0, instance:com.orimeton.TestNg@7d417077]" name="name4" duration-ms="0" started-at="2019-11-05T15:37:49Z" finished-at="2019-11-05T15:37:49Z">
          <exception class="java.lang.RuntimeException">
            <full-stacktrace>
              <![CDATA[java.lang.RuntimeException
	at com.orimeton.TestNg.name4(TestNg.java:27)
	at sun.reflect.NativeMethodAccessorImpl.invoke0(Native Method)
	at sun.reflect.NativeMethodAccessorImpl.invoke(NativeMethodAccessorImpl.java:62)
	at sun.reflect.DelegatingMethodAccessorImpl.invoke(DelegatingMethodAccessorImpl.java:43)
	at java.lang.reflect.Method.invoke(Method.java:498)
	at org.testng.internal.MethodInvocationHelper.invokeMethod(MethodInvocationHelper.java:104)
	at org.testng.internal.Invoker.invokeMethod(Invoker.java:645)
	at org.testng.internal.Invoker.invokeTestMethod(Invoker.java:851)
	at org.testng.internal.Invoker.invokeTestMethods(Invoker.java:1177)
	at org.testng.internal.TestMethodWorker.invokeTestMethods(TestMethodWorker.java:129)
	at org.testng.internal.TestMethodWorker.run(TestMethodWorker.java:112)
	at org.testng.TestRunner.privateRun(TestRunner.java:756)
	at org.testng.TestRunner.run(TestRunner.java:610)
	at org.testng.SuiteRunner.runTest(SuiteRunner.java:387)
	at org.testng.SuiteRunner.runSequentially(SuiteRunner.java:382)
	at org.testng.SuiteRunner.privateRun(SuiteRunner.java:340)
	at org.testng.SuiteRunner.run(SuiteRunner.java:289)
	at org.testng.SuiteRunnerWorker.runSuite(SuiteRunnerWorker.java:52)
	at org.testng.SuiteRunnerWorker.run(SuiteRunnerWorker.java:86)
	at org.testng.TestNG.runSuitesSequentially(TestNG.java:1293)
	at org.testng.TestNG.runSuitesLocally(TestNG.java:1218)
	at org.testng.TestNG.runSuites(TestNG.java:1133)
	at org.testng.TestNG.run(TestNG.java:1104)
	at org.apache.maven.surefire.testng.TestNGExecutor.run(TestNGExecutor.java:283)
	at org.apache.maven.surefire.testng.TestNGXmlTestSuite.execute(TestNGXmlTestSuite.java:75)
	at org.apache.maven.surefire.testng.TestNGProvider.invoke(TestNGProvider.java:120)
	at org.apache.maven.surefire.booter.ForkedBooter.invokeProviderInSameClassLoader(ForkedBooter.java:386)
	at org.apache.maven.surefire.booter.ForkedBooter.runSuitesInProcess(ForkedBooter.java:323)
	at org.apache.maven.surefire.booter.ForkedBooter.main(ForkedBooter.java:143)
]]>
            </full-stacktrace>
          </exception> <!-- java.lang.RuntimeException -->
          <reporter-output>
          </reporter-output>
        </test-method> <!-- name4 -->
      </class> <!-- com.orimeton.TestNg -->
    </test> <!-- suibianbu -->
  </suite> <!-- mysuite -->
</testng-results>
